<?xml version="1.0" encoding="UTF-8"?>
<!-- Generated by org.testng.reporters.JUnitXMLReporter -->
<testsuite ignored="0" hostname="LAPTOP-PKQFT7B4" failures="0" tests="4" name="Test" time="19.084" errors="0" timestamp="2024-11-25T15:08:43 IST">
  <testcase classname="com.fitpeorevenuecalculator.in.tests.RevenueCalculatorTest" name="RevenueCalculator" time="3.305"/>
  <testcase classname="com.fitpeorevenuecalculator.in.tests.RevenueCalculatorTest" name="ToSlider" time="0.588"/>
  <testcase classname="com.fitpeorevenuecalculator.in.tests.RevenueCalculatorTest" name="inputFieldEnter" time="0.61"/>
  <testcase classname="com.fitpeorevenuecalculator.in.tests.RevenueCalculatorTest" name="CheckBoxesEntry" time="0.805"/>
</testsuite> <!-- Test -->
