<?xml version="1.0" encoding="UTF-8"?>
<!-- Generated by org.testng.reporters.JUnitXMLReporter -->
<testsuite ignored="0" hostname="LAPTOP-PKQFT7B4" failures="0" tests="5" name="Test" time="83.54" errors="0" timestamp="2024-11-27T15:30:35 IST">
  <testcase classname="com.fitpeorevenuecalculator.in.tests.RevenueCalculatorTest" name="RevenueCalculator" time="3.362"/>
  <testcase classname="com.fitpeorevenuecalculator.in.tests.RevenueCalculatorTest" name="ToSlider" time="55.601"/>
  <testcase classname="com.fitpeorevenuecalculator.in.tests.RevenueCalculatorTest" name="inputFieldEnter" time="2.704"/>
  <testcase classname="com.fitpeorevenuecalculator.in.tests.RevenueCalculatorTest" name="CheckBoxesEntry" time="4.086"/>
  <testcase classname="com.fitpeorevenuecalculator.in.tests.RevenueCalculatorTest" name="validating" time="0.693"/>
</testsuite> <!-- Test -->
