<?xml version="1.0" encoding="UTF-8"?>
<testng-results ignored="0" total="5" passed="5" failed="0" skipped="0">
  <reporter-output>
  </reporter-output>
  <suite started-at="2024-11-27T15:29:12 IST" name="FitPeo" finished-at="2024-11-27T15:30:35 IST" duration-ms="83540">
    <groups>
    </groups>
    <test started-at="2024-11-27T15:29:12 IST" name="Test" finished-at="2024-11-27T15:30:35 IST" duration-ms="83540">
      <class name="com.fitpeorevenuecalculator.in.tests.RevenueCalculatorTest">
        <test-method is-config="true" signature="intialiseExtentReports()[pri:0, instance:com.fitpeorevenuecalculator.in.tests.RevenueCalculatorTest@52b1beb6]" started-at="2024-11-27T15:29:11 IST" name="intialiseExtentReports" finished-at="2024-11-27T15:29:12 IST" duration-ms="569" status="PASS">
          <reporter-output>
          </reporter-output>
        </test-method> <!-- intialiseExtentReports -->
        <test-method is-config="true" signature="initializeDriver()[pri:0, instance:com.fitpeorevenuecalculator.in.tests.RevenueCalculatorTest@52b1beb6]" started-at="2024-11-27T15:29:12 IST" name="initializeDriver" finished-at="2024-11-27T15:29:23 IST" duration-ms="11332" status="PASS">
          <reporter-output>
          </reporter-output>
        </test-method> <!-- initializeDriver -->
        <test-method is-config="true" signature="setup()[pri:0, instance:com.fitpeorevenuecalculator.in.tests.RevenueCalculatorTest@52b1beb6]" started-at="2024-11-27T15:29:23 IST" name="setup" finished-at="2024-11-27T15:29:23 IST" duration-ms="131" status="PASS">
          <reporter-output>
          </reporter-output>
        </test-method> <!-- setup -->
        <test-method signature="RevenueCalculator()[pri:1, instance:com.fitpeorevenuecalculator.in.tests.RevenueCalculatorTest@52b1beb6]" started-at="2024-11-27T15:29:23 IST" name="RevenueCalculator" finished-at="2024-11-27T15:29:27 IST" duration-ms="3362" status="PASS">
          <reporter-output>
          </reporter-output>
        </test-method> <!-- RevenueCalculator -->
        <test-method is-config="true" signature="setup()[pri:0, instance:com.fitpeorevenuecalculator.in.tests.RevenueCalculatorTest@52b1beb6]" started-at="2024-11-27T15:29:27 IST" name="setup" finished-at="2024-11-27T15:29:27 IST" duration-ms="2" status="PASS">
          <reporter-output>
          </reporter-output>
        </test-method> <!-- setup -->
        <test-method signature="ToSlider()[pri:2, instance:com.fitpeorevenuecalculator.in.tests.RevenueCalculatorTest@52b1beb6]" started-at="2024-11-27T15:29:27 IST" name="ToSlider" finished-at="2024-11-27T15:30:23 IST" duration-ms="55601" status="PASS">
          <reporter-output>
          </reporter-output>
        </test-method> <!-- ToSlider -->
        <test-method is-config="true" signature="setup()[pri:0, instance:com.fitpeorevenuecalculator.in.tests.RevenueCalculatorTest@52b1beb6]" started-at="2024-11-27T15:30:24 IST" name="setup" finished-at="2024-11-27T15:30:24 IST" duration-ms="10" status="PASS">
          <reporter-output>
          </reporter-output>
        </test-method> <!-- setup -->
        <test-method signature="inputFieldEnter()[pri:3, instance:com.fitpeorevenuecalculator.in.tests.RevenueCalculatorTest@52b1beb6]" started-at="2024-11-27T15:30:24 IST" name="inputFieldEnter" finished-at="2024-11-27T15:30:26 IST" duration-ms="2704" status="PASS">
          <reporter-output>
          </reporter-output>
        </test-method> <!-- inputFieldEnter -->
        <test-method is-config="true" signature="setup()[pri:0, instance:com.fitpeorevenuecalculator.in.tests.RevenueCalculatorTest@52b1beb6]" started-at="2024-11-27T15:30:27 IST" name="setup" finished-at="2024-11-27T15:30:27 IST" duration-ms="1" status="PASS">
          <reporter-output>
          </reporter-output>
        </test-method> <!-- setup -->
        <test-method signature="CheckBoxesEntry()[pri:4, instance:com.fitpeorevenuecalculator.in.tests.RevenueCalculatorTest@52b1beb6]" started-at="2024-11-27T15:30:27 IST" name="CheckBoxesEntry" finished-at="2024-11-27T15:30:31 IST" duration-ms="4086" status="PASS">
          <reporter-output>
          </reporter-output>
        </test-method> <!-- CheckBoxesEntry -->
        <test-method is-config="true" signature="setup()[pri:0, instance:com.fitpeorevenuecalculator.in.tests.RevenueCalculatorTest@52b1beb6]" started-at="2024-11-27T15:30:32 IST" name="setup" finished-at="2024-11-27T15:30:32 IST" duration-ms="1" status="PASS">
          <reporter-output>
          </reporter-output>
        </test-method> <!-- setup -->
        <test-method signature="validating()[pri:5, instance:com.fitpeorevenuecalculator.in.tests.RevenueCalculatorTest@52b1beb6]" started-at="2024-11-27T15:30:32 IST" name="validating" finished-at="2024-11-27T15:30:32 IST" duration-ms="693" status="PASS">
          <reporter-output>
          </reporter-output>
        </test-method> <!-- validating -->
        <test-method is-config="true" signature="teardown()[pri:0, instance:com.fitpeorevenuecalculator.in.tests.RevenueCalculatorTest@52b1beb6]" started-at="2024-11-27T15:30:33 IST" name="teardown" finished-at="2024-11-27T15:30:35 IST" duration-ms="2051" status="PASS">
          <reporter-output>
          </reporter-output>
        </test-method> <!-- teardown -->
        <test-method is-config="true" signature="generateExtentReports()[pri:0, instance:com.fitpeorevenuecalculator.in.tests.RevenueCalculatorTest@52b1beb6]" started-at="2024-11-27T15:30:35 IST" name="generateExtentReports" finished-at="2024-11-27T15:30:40 IST" duration-ms="4411" status="PASS">
          <reporter-output>
          </reporter-output>
        </test-method> <!-- generateExtentReports -->
      </class> <!-- com.fitpeorevenuecalculator.in.tests.RevenueCalculatorTest -->
    </test> <!-- Test -->
  </suite> <!-- FitPeo -->
</testng-results>
